0 info it worked if it ends with ok
1 verbose cli [ 'C:\\iframe\\node\\npm\\node.exe',
1 verbose cli   'C:\\iframe\\node\\npm\\node_modules\\npm\\bin\\npm-cli.js',
1 verbose cli   'run',
1 verbose cli   'server' ]
2 info using npm@3.10.10
3 info using node@v6.10.0
4 verbose run-script [ 'preserver', 'server', 'postserver' ]
5 info lifecycle webpack_example@1.0.0~preserver: webpack_example@1.0.0
6 silly lifecycle webpack_example@1.0.0~preserver: no script for preserver, continuing
7 info lifecycle webpack_example@1.0.0~server: webpack_example@1.0.0
8 verbose lifecycle webpack_example@1.0.0~server: unsafe-perm in lifecycle true
9 verbose lifecycle webpack_example@1.0.0~server: PATH: C:\iframe\node\npm\node_modules\npm\bin\node-gyp-bin;C:\react\find\react_example\node_modules\.bin;C:\Windows\system32;C:\Windows;C:\Windows\System32\Wbem;C:\Windows\System32\WindowsPowerShell\v1.0\;C:\iframe\node\nvm;C:\iframe\node\npm;C:\Program Files\Git\cmd;C:\iframe\node\npm\;C:\iframe\node\npm;C:\SVVN\bin;C:\Program Files\TortoiseSVN\bin;C:\Ruby23-x64\bin;C:\Users\cvtt\AppData\Local\Microsoft\WindowsApps;C:\Users\cvtt\AppData\Roaming\npm
10 verbose lifecycle webpack_example@1.0.0~server: CWD: C:\react\find\react_example
11 silly lifecycle webpack_example@1.0.0~server: Args: [ '/d /s /c',
11 silly lifecycle   'webpack-dev-server  --config webpack.publish.config.js --devtool eval --progress --inline --colors --hot --port 6060 --host 0.0.0.0 --content-base src' ]
12 silly lifecycle webpack_example@1.0.0~server: Returned: code: 1  signal: null
13 info lifecycle webpack_example@1.0.0~server: Failed to exec server script
14 verbose stack Error: webpack_example@1.0.0 server: `webpack-dev-server  --config webpack.publish.config.js --devtool eval --progress --inline --colors --hot --port 6060 --host 0.0.0.0 --content-base src`
14 verbose stack Exit status 1
14 verbose stack     at EventEmitter.<anonymous> (C:\iframe\node\npm\node_modules\npm\lib\utils\lifecycle.js:255:16)
14 verbose stack     at emitTwo (events.js:106:13)
14 verbose stack     at EventEmitter.emit (events.js:191:7)
14 verbose stack     at ChildProcess.<anonymous> (C:\iframe\node\npm\node_modules\npm\lib\utils\spawn.js:40:14)
14 verbose stack     at emitTwo (events.js:106:13)
14 verbose stack     at ChildProcess.emit (events.js:191:7)
14 verbose stack     at maybeClose (internal/child_process.js:877:16)
14 verbose stack     at Process.ChildProcess._handle.onexit (internal/child_process.js:226:5)
15 verbose pkgid webpack_example@1.0.0
16 verbose cwd C:\react\find\react_example\src
17 error Windows_NT 10.0.14393
18 error argv "C:\\iframe\\node\\npm\\node.exe" "C:\\iframe\\node\\npm\\node_modules\\npm\\bin\\npm-cli.js" "run" "server"
19 error node v6.10.0
20 error npm  v3.10.10
21 error code ELIFECYCLE
22 error webpack_example@1.0.0 server: `webpack-dev-server  --config webpack.publish.config.js --devtool eval --progress --inline --colors --hot --port 6060 --host 0.0.0.0 --content-base src`
22 error Exit status 1
23 error Failed at the webpack_example@1.0.0 server script 'webpack-dev-server  --config webpack.publish.config.js --devtool eval --progress --inline --colors --hot --port 6060 --host 0.0.0.0 --content-base src'.
23 error Make sure you have the latest version of node.js and npm installed.
23 error If you do, this is most likely a problem with the webpack_example package,
23 error not with npm itself.
23 error Tell the author that this fails on your system:
23 error     webpack-dev-server  --config webpack.publish.config.js --devtool eval --progress --inline --colors --hot --port 6060 --host 0.0.0.0 --content-base src
23 error You can get information on how to open an issue for this project with:
23 error     npm bugs webpack_example
23 error Or if that isn't available, you can get their info via:
23 error     npm owner ls webpack_example
23 error There is likely additional logging output above.
24 verbose exit [ 1, true ]
